<?xml version="1.0" encoding="UTF-8"?>
<testsuite xmlns:xsi="http://www.w3.org/2001/XMLSchema-instance" xsi:noNamespaceSchemaLocation="https://maven.apache.org/surefire/maven-surefire-plugin/xsd/surefire-test-report.xsd" version="3.0.2" name="com.smartoffice.security.api.SecureAccessControllerIntegrationTest" time="19.686" tests="2" errors="0" skipped="0" failures="0">
  <properties>
[...]
</properties>
  <testcase name="adminTokenShouldAccessAdminEndpoint" classname="com.smartoffice.security.api.SecureAccessControllerIntegrationTest" time="2.134">
    <system-out><![CDATA[10:00:11.918 [main] INFO org.springframework.test.context.support.AnnotationConfigContextLoaderUtils -- Could not detect default configuration classes for test class [com.smartoffice.security.api.SecureAccessControllerIntegrationTest]: SecureAccessControllerIntegrationTest does not declare any static, non-private, non-final, nested classes annotated with @Configuration.
10:00:12.642 [main] INFO org.springframework.boot.test.context.SpringBootTestContextBootstrapper -- Found @SpringBootConfiguration com.smartoffice.SmartOfficeApplication for test class com.smartoffice.security.api.SecureAccessControllerIntegrationTest

  .   ____          _            __ _ _
 /\\ / ___'_ __ _ _(_)_ __  __ _ \ \ \ \
( ( )\___ | '_ | '_| | '_ \/ _` | \ \ \ \
 \\/  ___)| |_)| | | | | || (_| |  ) ) ) )
  '  |____| .__|_| |_|_| |_\__, | / / / /
 =========|_|==============|___/=/_/_/_/

 :: Spring Boot ::               (v3.5.16)

2026-07-10T10:00:14.080Z  INFO 41687 --- [           main] .a.SecureAccessControllerIntegrationTest : Starting SecureAccessControllerIntegrationTest using Java 25.0.2 with PID 41687 (started by codespace in /workspaces/codespaces-blank)
2026-07-10T10:00:14.085Z  INFO 41687 --- [           main] .a.SecureAccessControllerIntegrationTest : No active profile set, falling back to 1 default profile: "default"
2026-07-10T10:00:18.124Z  INFO 41687 --- [           main] .s.d.r.c.RepositoryConfigurationDelegate : Multiple Spring Data modules found, entering strict repository configuration mode
2026-07-10T10:00:18.131Z  INFO 41687 --- [           main] .s.d.r.c.RepositoryConfigurationDelegate : Bootstrapping Spring Data JPA repositories in DEFAULT mode.
2026-07-10T10:00:18.464Z  INFO 41687 --- [           main] .s.d.r.c.RepositoryConfigurationDelegate : Finished Spring Data repository scanning in 280 ms. Found 1 JPA repository interface.
2026-07-10T10:00:18.512Z  INFO 41687 --- [           main] .s.d.r.c.RepositoryConfigurationDelegate : Multiple Spring Data modules found, entering strict repository configuration mode
2026-07-10T10:00:18.514Z  INFO 41687 --- [           main] .s.d.r.c.RepositoryConfigurationDelegate : Bootstrapping Spring Data Redis repositories in DEFAULT mode.
2026-07-10T10:00:18.541Z  INFO 41687 --- [           main] .RepositoryConfigurationExtensionSupport : Spring Data Redis - Could not safely identify store assignment for repository candidate interface com.smartoffice.auth.repository.UserAccountRepository; If you want this repository to be a Redis repository, consider annotating your entities with one of these annotations: org.springframework.data.redis.core.RedisHash (preferred), or consider extending one of the following types with your repository: org.springframework.data.keyvalue.repository.KeyValueRepository
2026-07-10T10:00:18.541Z  INFO 41687 --- [           main] .s.d.r.c.RepositoryConfigurationDelegate : Finished Spring Data repository scanning in 9 ms. Found 0 Redis repository interfaces.
2026-07-10T10:00:19.594Z  INFO 41687 --- [           main] o.hibernate.jpa.internal.util.LogHelper  : HHH000204: Processing PersistenceUnitInfo [name: default]
2026-07-10T10:00:19.894Z  INFO 41687 --- [           main] org.hibernate.Version                    : HHH000412: Hibernate ORM core version 6.6.53.Final
2026-07-10T10:00:20.141Z  INFO 41687 --- [           main] o.h.c.internal.RegionFactoryInitiator    : HHH000026: Second-level cache disabled
2026-07-10T10:00:21.018Z  INFO 41687 --- [           main] o.s.o.j.p.SpringPersistenceUnitInfo      : No LoadTimeWeaver setup: ignoring JPA class transformer
2026-07-10T10:00:21.073Z  INFO 41687 --- [           main] com.zaxxer.hikari.HikariDataSource       : HikariPool-1 - Starting...
2026-07-10T10:00:21.581Z  INFO 41687 --- [           main] com.zaxxer.hikari.pool.HikariPool        : HikariPool-1 - Added connection conn0: url=jdbc:h2:mem:smartoffice user=SA
2026-07-10T10:00:21.584Z  INFO 41687 --- [           main] com.zaxxer.hikari.HikariDataSource       : HikariPool-1 - Start completed.
2026-07-10T10:00:21.722Z  INFO 41687 --- [           main] org.hibernate.orm.connections.pooling    : HHH10001005: Database info:
	Database JDBC URL [Connecting through datasource 'HikariDataSource (HikariPool-1)']
	Database driver: undefined/unknown
	Database version: 2.3.232
	Autocommit mode: undefined/unknown
	Isolation level: undefined/unknown
	Minimum pool size: undefined/unknown
	Maximum pool size: undefined/unknown
2026-07-10T10:00:23.801Z  INFO 41687 --- [           main] o.h.e.t.j.p.i.JtaPlatformInitiator       : HHH000489: No JTA platform available (set 'hibernate.transaction.jta.platform' to enable JTA platform integration)
Hibernate: 
    create table users (
        id bigint generated by default as identity,
        created_at timestamp(6) with time zone not null,
        email varchar(255) not null,
        name varchar(255) not null,
        password_hash varchar(255) not null,
        role enum ('ADMIN','EMPLOYEE','MANAGER') not null,
        primary key (id)
    )
Hibernate: 
    alter table if exists users 
       drop constraint if exists UK6dotkott2kjsp8vw4d0m25fb7
Hibernate: 
    alter table if exists users 
       add constraint UK6dotkott2kjsp8vw4d0m25fb7 unique (email)
2026-07-10T10:00:24.008Z  INFO 41687 --- [           main] j.LocalContainerEntityManagerFactoryBean : Initialized JPA EntityManagerFactory for persistence unit 'default'
2026-07-10T10:00:25.119Z  WARN 41687 --- [           main] JpaBaseConfiguration$JpaWebConfiguration : spring.jpa.open-in-view is enabled by default. Therefore, database queries may be performed during view rendering. Explicitly configure spring.jpa.open-in-view to disable this warning
2026-07-10T10:00:26.464Z  INFO 41687 --- [           main] o.s.b.a.e.web.EndpointLinksResolver      : Exposing 3 endpoints beneath base path '/actuator'
2026-07-10T10:00:26.555Z  INFO 41687 --- [           main] r$InitializeUserDetailsManagerConfigurer : Global AuthenticationManager configured with UserDetailsService bean with name customUserDetailsService
2026-07-10T10:00:28.143Z  INFO 41687 --- [           main] o.s.b.a.h2.H2ConsoleAutoConfiguration    : H2 console available at '/h2-console'. Database available at 'jdbc:h2:mem:smartoffice'
2026-07-10T10:00:28.265Z  INFO 41687 --- [           main] o.s.b.t.m.w.SpringBootMockServletContext : Initializing Spring TestDispatcherServlet ''
2026-07-10T10:00:28.266Z  INFO 41687 --- [           main] o.s.t.web.servlet.TestDispatcherServlet  : Initializing Servlet ''
2026-07-10T10:00:28.269Z  INFO 41687 --- [           main] o.s.t.web.servlet.TestDispatcherServlet  : Completed initialization in 3 ms
2026-07-10T10:00:28.479Z  INFO 41687 --- [           main] .a.SecureAccessControllerIntegrationTest : Started SecureAccessControllerIntegrationTest in 15.431 seconds (process running for 18.682)
Hibernate: 
    select
        ua1_0.id,
        ua1_0.created_at,
        ua1_0.email,
        ua1_0.name,
        ua1_0.password_hash,
        ua1_0.role 
    from
        users ua1_0 
    where
        ua1_0.email=?
Hibernate: 
    insert 
    into
        users
        (created_at, email, name, password_hash, role, id) 
    values
        (?, ?, ?, ?, ?, default)
Hibernate: 
    select
        ua1_0.id,
        ua1_0.created_at,
        ua1_0.email,
        ua1_0.name,
        ua1_0.password_hash,
        ua1_0.role 
    from
        users ua1_0 
    where
        ua1_0.email=?
]]></system-out>
    <system-err><![CDATA[Mockito is currently self-attaching to enable the inline-mock-maker. This will no longer work in future releases of the JDK. Please add Mockito as an agent to your build as described in Mockito's documentation: https://javadoc.io/doc/org.mockito/mockito-core/latest/org.mockito/org/mockito/Mockito.html#0.3
WARNING: A Java agent has been loaded dynamically (/home/codespace/.m2/repository/net/bytebuddy/byte-buddy-agent/1.17.8/byte-buddy-agent-1.17.8.jar)
WARNING: If a serviceability tool is in use, please run with -XX:+EnableDynamicAgentLoading to hide this warning
WARNING: If a serviceability tool is not in use, please run with -Djdk.instrument.traceUsage for more information
WARNING: Dynamic loading of agents will be disallowed by default in a future release
]]></system-err>
  </testcase>
  <testcase name="employeeTokenShouldBeForbiddenForAdminEndpoint" classname="com.smartoffice.security.api.SecureAccessControllerIntegrationTest" time="0.19">
    <system-out><![CDATA[Hibernate: 
    select
        ua1_0.id,
        ua1_0.created_at,
        ua1_0.email,
        ua1_0.name,
        ua1_0.password_hash,
        ua1_0.role 
    from
        users ua1_0 
    where
        ua1_0.email=?
Hibernate: 
    select
        ua1_0.id 
    from
        users ua1_0 
    where
        ua1_0.email=? 
    fetch
        first ? rows only
Hibernate: 
    insert 
    into
        users
        (created_at, email, name, password_hash, role, id) 
    values
        (?, ?, ?, ?, ?, default)
]]></system-out>
  </testcase>
</testsuite>