<?xml version="1.0" encoding="UTF-8"?>
<testsuite xmlns:xsi="http://www.w3.org/2001/XMLSchema-instance" xsi:noNamespaceSchemaLocation="https://maven.apache.org/surefire/maven-surefire-plugin/xsd/surefire-test-report.xsd" version="3.0.2" name="com.smartoffice.SmartOfficeApplicationTests" time="2.378" tests="1" errors="0" skipped="0" failures="0">
  <properties>
[...]
</properties>
  <testcase name="contextLoads" classname="com.smartoffice.SmartOfficeApplicationTests" time="0.013">
    <system-out><![CDATA[2026-07-10T10:00:31.105Z  INFO 41687 --- [           main] t.c.s.AnnotationConfigContextLoaderUtils : Could not detect default configuration classes for test class [com.smartoffice.SmartOfficeApplicationTests]: SmartOfficeApplicationTests does not declare any static, non-private, non-final, nested classes annotated with @Configuration.
2026-07-10T10:00:31.134Z  INFO 41687 --- [           main] .b.t.c.SpringBootTestContextBootstrapper : Found @SpringBootConfiguration com.smartoffice.SmartOfficeApplication for test class com.smartoffice.SmartOfficeApplicationTests

  .   ____          _            __ _ _
 /\\ / ___'_ __ _ _(_)_ __  __ _ \ \ \ \
( ( )\___ | '_ | '_| | '_ \/ _` | \ \ \ \
 \\/  ___)| |_)| | | | | || (_| |  ) ) ) )
  '  |____| .__|_| |_|_| |_\__, | / / / /
 =========|_|==============|___/=/_/_/_/

 :: Spring Boot ::               (v3.5.16)

2026-07-10T10:00:31.298Z  INFO 41687 --- [           main] c.s.SmartOfficeApplicationTests          : Starting SmartOfficeApplicationTests using Java 25.0.2 with PID 41687 (started by codespace in /workspaces/codespaces-blank)
2026-07-10T10:00:31.299Z  INFO 41687 --- [           main] c.s.SmartOfficeApplicationTests          : No active profile set, falling back to 1 default profile: "default"
2026-07-10T10:00:32.140Z  INFO 41687 --- [           main] .s.d.r.c.RepositoryConfigurationDelegate : Multiple Spring Data modules found, entering strict repository configuration mode
2026-07-10T10:00:32.140Z  INFO 41687 --- [           main] .s.d.r.c.RepositoryConfigurationDelegate : Bootstrapping Spring Data JPA repositories in DEFAULT mode.
2026-07-10T10:00:32.161Z  INFO 41687 --- [           main] .s.d.r.c.RepositoryConfigurationDelegate : Finished Spring Data repository scanning in 19 ms. Found 1 JPA repository interface.
2026-07-10T10:00:32.166Z  INFO 41687 --- [           main] .s.d.r.c.RepositoryConfigurationDelegate : Multiple Spring Data modules found, entering strict repository configuration mode
2026-07-10T10:00:32.167Z  INFO 41687 --- [           main] .s.d.r.c.RepositoryConfigurationDelegate : Bootstrapping Spring Data Redis repositories in DEFAULT mode.
2026-07-10T10:00:32.177Z  INFO 41687 --- [           main] .RepositoryConfigurationExtensionSupport : Spring Data Redis - Could not safely identify store assignment for repository candidate interface com.smartoffice.auth.repository.UserAccountRepository; If you want this repository to be a Redis repository, consider annotating your entities with one of these annotations: org.springframework.data.redis.core.RedisHash (preferred), or consider extending one of the following types with your repository: org.springframework.data.keyvalue.repository.KeyValueRepository
2026-07-10T10:00:32.177Z  INFO 41687 --- [           main] .s.d.r.c.RepositoryConfigurationDelegate : Finished Spring Data repository scanning in 9 ms. Found 0 Redis repository interfaces.
2026-07-10T10:00:32.468Z  INFO 41687 --- [           main] o.hibernate.jpa.internal.util.LogHelper  : HHH000204: Processing PersistenceUnitInfo [name: default]
2026-07-10T10:00:32.478Z  INFO 41687 --- [           main] o.h.c.internal.RegionFactoryInitiator    : HHH000026: Second-level cache disabled
2026-07-10T10:00:32.507Z  INFO 41687 --- [           main] o.s.o.j.p.SpringPersistenceUnitInfo      : No LoadTimeWeaver setup: ignoring JPA class transformer
2026-07-10T10:00:32.510Z  INFO 41687 --- [           main] com.zaxxer.hikari.HikariDataSource       : HikariPool-2 - Starting...
2026-07-10T10:00:32.513Z  INFO 41687 --- [           main] com.zaxxer.hikari.pool.HikariPool        : HikariPool-2 - Added connection conn10: url=jdbc:h2:mem:smartoffice user=SA
2026-07-10T10:00:32.514Z  INFO 41687 --- [           main] com.zaxxer.hikari.HikariDataSource       : HikariPool-2 - Start completed.
2026-07-10T10:00:32.515Z  INFO 41687 --- [           main] org.hibernate.orm.connections.pooling    : HHH10001005: Database info:
	Database JDBC URL [Connecting through datasource 'HikariDataSource (HikariPool-2)']
	Database driver: undefined/unknown
	Database version: 2.3.232
	Autocommit mode: undefined/unknown
	Isolation level: undefined/unknown
	Minimum pool size: undefined/unknown
	Maximum pool size: undefined/unknown
2026-07-10T10:00:32.595Z  INFO 41687 --- [           main] o.h.e.t.j.p.i.JtaPlatformInitiator       : HHH000489: No JTA platform available (set 'hibernate.transaction.jta.platform' to enable JTA platform integration)
2026-07-10T10:00:32.606Z  INFO 41687 --- [           main] j.LocalContainerEntityManagerFactoryBean : Initialized JPA EntityManagerFactory for persistence unit 'default'
2026-07-10T10:00:32.759Z  WARN 41687 --- [           main] JpaBaseConfiguration$JpaWebConfiguration : spring.jpa.open-in-view is enabled by default. Therefore, database queries may be performed during view rendering. Explicitly configure spring.jpa.open-in-view to disable this warning
2026-07-10T10:00:33.063Z  INFO 41687 --- [           main] o.s.b.a.e.web.EndpointLinksResolver      : Exposing 3 endpoints beneath base path '/actuator'
2026-07-10T10:00:33.113Z  INFO 41687 --- [           main] r$InitializeUserDetailsManagerConfigurer : Global AuthenticationManager configured with UserDetailsService bean with name customUserDetailsService
2026-07-10T10:00:33.417Z  INFO 41687 --- [           main] o.s.b.a.h2.H2ConsoleAutoConfiguration    : H2 console available at '/h2-console'. Database available at 'jdbc:h2:mem:smartoffice'
2026-07-10T10:00:33.455Z  INFO 41687 --- [           main] c.s.SmartOfficeApplicationTests          : Started SmartOfficeApplicationTests in 2.305 seconds (process running for 23.659)
]]></system-out>
  </testcase>
</testsuite>